[debug] [2024-09-14T05:20:46.875Z] ----------------------------------------------------------------------
[debug] [2024-09-14T05:20:46.877Z] Command:       C:\Program Files\nodejs\node.exe C:\Program Files\nodejs\node_modules\firebase-tools\lib\bin\firebase.js init
[debug] [2024-09-14T05:20:46.878Z] CLI Version:   13.16.0
[debug] [2024-09-14T05:20:46.878Z] Platform:      win32
[debug] [2024-09-14T05:20:46.878Z] Node Version:  v18.17.0
[debug] [2024-09-14T05:20:46.879Z] Time:          Sat Sep 14 2024 01:20:46 GMT-0400 (Eastern Daylight Time)
[debug] [2024-09-14T05:20:46.879Z] ----------------------------------------------------------------------
[debug] 
[debug] [2024-09-14T05:20:46.895Z] >>> [apiv2][query] GET https://firebase-public.firebaseio.com/cli.json [none]
[debug] [2024-09-14T05:20:46.936Z] > command requires scopes: ["email","openid","https://www.googleapis.com/auth/cloudplatformprojects.readonly","https://www.googleapis.com/auth/firebase","https://www.googleapis.com/auth/cloud-platform"]
[debug] [2024-09-14T05:20:46.937Z] > authorizing via signed-in user (darren.cw.chu@gmail.com)
[info] 
     ######## #### ########  ######## ########     ###     ######  ########
     ##        ##  ##     ## ##       ##     ##  ##   ##  ##       ##
     ######    ##  ########  ######   ########  #########  ######  ######
     ##        ##  ##    ##  ##       ##     ## ##     ##       ## ##
     ##       #### ##     ## ######## ########  ##     ##  ######  ########

You're about to initialize a Firebase project in this directory:

  C:\Users\darre\Documents\GitHub\frontendkevin

[debug] [2024-09-14T05:20:47.086Z] <<< [apiv2][status] GET https://firebase-public.firebaseio.com/cli.json 200
[debug] [2024-09-14T05:20:47.086Z] <<< [apiv2][body] GET https://firebase-public.firebaseio.com/cli.json {"cloudBuildErrorAfter":1594252800000,"cloudBuildWarnAfter":1590019200000,"defaultNode10After":1594252800000,"minVersion":"3.0.5","node8DeploysDisabledAfter":1613390400000,"node8RuntimeDisabledAfter":1615809600000,"node8WarnAfter":1600128000000}
[info] 
=== Project Setup
[info] 
[info] First, let's associate this project directory with a Firebase project.
[info] You can create multiple project aliases by running firebase use --add, 
[info] but for now we'll just set up a default project.
[info] 
[debug] [2024-09-14T05:21:26.305Z] > refreshing access token with scopes: []
[debug] [2024-09-14T05:21:26.307Z] >>> [apiv2][query] POST https://www.googleapis.com/oauth2/v3/token [none]
[debug] [2024-09-14T05:21:26.307Z] >>> [apiv2][body] POST https://www.googleapis.com/oauth2/v3/token [omitted]
[debug] [2024-09-14T05:21:26.438Z] <<< [apiv2][status] POST https://www.googleapis.com/oauth2/v3/token 200
[debug] [2024-09-14T05:21:26.438Z] <<< [apiv2][body] POST https://www.googleapis.com/oauth2/v3/token [omitted]
[debug] [2024-09-14T05:21:26.456Z] >>> [apiv2][query] GET https://firebase.googleapis.com/v1beta1/projects pageSize=100
[debug] [2024-09-14T05:21:26.840Z] <<< [apiv2][status] GET https://firebase.googleapis.com/v1beta1/projects 200
[debug] [2024-09-14T05:21:26.841Z] <<< [apiv2][body] GET https://firebase.googleapis.com/v1beta1/projects [omitted]
[info] i  Using project frontendkevin (FrontendKevin) 
[info] 
=== Firestore Setup
[debug] [2024-09-14T05:21:29.424Z] >>> [apiv2][query] GET https://serviceusage.googleapis.com/v1/projects/frontendkevin/services/firestore.googleapis.com [none]
[debug] [2024-09-14T05:21:29.424Z] >>> [apiv2][(partial)header] GET https://serviceusage.googleapis.com/v1/projects/frontendkevin/services/firestore.googleapis.com x-goog-quota-user=projects/frontendkevin
[debug] [2024-09-14T05:21:29.742Z] <<< [apiv2][status] GET https://serviceusage.googleapis.com/v1/projects/frontendkevin/services/firestore.googleapis.com 200
[debug] [2024-09-14T05:21:29.743Z] <<< [apiv2][body] GET https://serviceusage.googleapis.com/v1/projects/frontendkevin/services/firestore.googleapis.com [omitted]
[debug] [2024-09-14T05:21:29.743Z] >>> [apiv2][query] GET https://firestore.googleapis.com/v1/projects/frontendkevin/databases/(default) [none]
[debug] [2024-09-14T05:21:30.031Z] <<< [apiv2][status] GET https://firestore.googleapis.com/v1/projects/frontendkevin/databases/(default) 200
[debug] [2024-09-14T05:21:30.031Z] <<< [apiv2][body] GET https://firestore.googleapis.com/v1/projects/frontendkevin/databases/(default) {"name":"projects/frontendkevin/databases/(default)","uid":"5b11fe43-72d5-4f08-8dfa-f796333696c2","createTime":"2024-09-14T05:08:55.234624Z","updateTime":"2024-09-14T05:08:55.234624Z","locationId":"nam5","type":"FIRESTORE_NATIVE","concurrencyMode":"PESSIMISTIC","versionRetentionPeriod":"3600s","earliestVersionTime":"2024-09-14T05:08:55.234624Z","appEngineIntegrationMode":"DISABLED","keyPrefix":"s","pointInTimeRecoveryEnablement":"POINT_IN_TIME_RECOVERY_DISABLED","deleteProtectionState":"DELETE_PROTECTION_DISABLED","etag":"ILnyjZjYwYgDMMD4hrHVwYgD"}
[debug] [2024-09-14T05:21:30.032Z] database_type: FIRESTORE_NATIVE
[debug] [2024-09-14T05:21:30.032Z] > command requires scopes: ["email","openid","https://www.googleapis.com/auth/cloudplatformprojects.readonly","https://www.googleapis.com/auth/firebase","https://www.googleapis.com/auth/cloud-platform"]
[debug] [2024-09-14T05:21:30.032Z] > authorizing via signed-in user (darren.cw.chu@gmail.com)
[debug] [2024-09-14T05:21:30.032Z] [iam] checking project frontendkevin for permissions ["firebase.projects.get"]
[debug] [2024-09-14T05:21:30.033Z] >>> [apiv2][query] POST https://cloudresourcemanager.googleapis.com/v1/projects/frontendkevin:testIamPermissions [none]
[debug] [2024-09-14T05:21:30.033Z] >>> [apiv2][(partial)header] POST https://cloudresourcemanager.googleapis.com/v1/projects/frontendkevin:testIamPermissions x-goog-quota-user=projects/frontendkevin
[debug] [2024-09-14T05:21:30.033Z] >>> [apiv2][body] POST https://cloudresourcemanager.googleapis.com/v1/projects/frontendkevin:testIamPermissions {"permissions":["firebase.projects.get"]}
[debug] [2024-09-14T05:21:30.307Z] <<< [apiv2][status] POST https://cloudresourcemanager.googleapis.com/v1/projects/frontendkevin:testIamPermissions 200
[debug] [2024-09-14T05:21:30.307Z] <<< [apiv2][body] POST https://cloudresourcemanager.googleapis.com/v1/projects/frontendkevin:testIamPermissions {"permissions":["firebase.projects.get"]}
[info] 
[info] Firestore Security Rules allow you to define how and when to allow
[info] requests. You can keep these rules in your project directory
[info] and publish them with firebase deploy.
[info] 
[debug] [2024-09-14T05:21:33.165Z] >>> [apiv2][query] GET https://firebaserules.googleapis.com/v1/projects/frontendkevin/releases pageSize=10&pageToken=
[debug] [2024-09-14T05:21:33.358Z] <<< [apiv2][status] GET https://firebaserules.googleapis.com/v1/projects/frontendkevin/releases 200
[debug] [2024-09-14T05:21:33.359Z] <<< [apiv2][body] GET https://firebaserules.googleapis.com/v1/projects/frontendkevin/releases {"releases":[{"name":"projects/frontendkevin/releases/cloud.firestore","rulesetName":"projects/frontendkevin/rulesets/040f63a2-49ff-46a9-baba-1772cf6bcb97","createTime":"2024-09-14T05:08:59.777319Z","updateTime":"2024-09-14T05:08:59.777319Z"}]}
[debug] [2024-09-14T05:21:33.359Z] Found ruleset: projects/frontendkevin/rulesets/040f63a2-49ff-46a9-baba-1772cf6bcb97
[debug] [2024-09-14T05:21:33.359Z] >>> [apiv2][query] GET https://firebaserules.googleapis.com/v1/projects/frontendkevin/rulesets/040f63a2-49ff-46a9-baba-1772cf6bcb97 [none]
[debug] [2024-09-14T05:21:33.513Z] <<< [apiv2][status] GET https://firebaserules.googleapis.com/v1/projects/frontendkevin/rulesets/040f63a2-49ff-46a9-baba-1772cf6bcb97 200
[debug] [2024-09-14T05:21:33.513Z] <<< [apiv2][body] GET https://firebaserules.googleapis.com/v1/projects/frontendkevin/rulesets/040f63a2-49ff-46a9-baba-1772cf6bcb97 [omitted]
[info] 
[info] Firestore indexes allow you to perform complex queries while
[info] maintaining performance that scales with the size of the result
[info] set. You can keep index definitions in your project directory
[info] and publish them with firebase deploy.
[info] 
[debug] [2024-09-14T05:21:34.047Z] >>> [apiv2][query] GET https://firestore.googleapis.com/v1/projects/frontendkevin/databases/(default)/collectionGroups/-/indexes [none]
[debug] [2024-09-14T05:21:34.049Z] >>> [apiv2][query] GET https://firestore.googleapis.com/v1/projects/frontendkevin/databases/(default)/collectionGroups/-/fields?filter=indexConfig.usesAncestorConfig=false OR ttlConfig:* [none]
[debug] [2024-09-14T05:21:34.281Z] <<< [apiv2][status] GET https://firestore.googleapis.com/v1/projects/frontendkevin/databases/(default)/collectionGroups/-/indexes 200
[debug] [2024-09-14T05:21:34.281Z] <<< [apiv2][body] GET https://firestore.googleapis.com/v1/projects/frontendkevin/databases/(default)/collectionGroups/-/indexes {}
[debug] [2024-09-14T05:21:34.639Z] <<< [apiv2][status] GET https://firestore.googleapis.com/v1/projects/frontendkevin/databases/(default)/collectionGroups/-/fields?filter=indexConfig.usesAncestorConfig=false OR ttlConfig:* 200
[debug] [2024-09-14T05:21:34.640Z] <<< [apiv2][body] GET https://firestore.googleapis.com/v1/projects/frontendkevin/databases/(default)/collectionGroups/-/fields?filter=indexConfig.usesAncestorConfig=false OR ttlConfig:* {"fields":[{"name":"projects/frontendkevin/databases/(default)/collectionGroups/__default__/fields/*","indexConfig":{"indexes":[{"queryScope":"COLLECTION","fields":[{"fieldPath":"*","order":"ASCENDING"}],"state":"READY"},{"queryScope":"COLLECTION","fields":[{"fieldPath":"*","order":"DESCENDING"}],"state":"READY"},{"queryScope":"COLLECTION","fields":[{"fieldPath":"*","arrayConfig":"CONTAINS"}],"state":"READY"}]}}]}
[info] 
=== Functions Setup
[debug] [2024-09-14T05:21:34.643Z] > command requires scopes: ["email","openid","https://www.googleapis.com/auth/cloudplatformprojects.readonly","https://www.googleapis.com/auth/firebase","https://www.googleapis.com/auth/cloud-platform"]
[debug] [2024-09-14T05:21:34.643Z] > authorizing via signed-in user (darren.cw.chu@gmail.com)
[debug] [2024-09-14T05:21:34.644Z] [iam] checking project frontendkevin for permissions ["firebase.projects.get"]
[debug] [2024-09-14T05:21:34.644Z] >>> [apiv2][query] POST https://cloudresourcemanager.googleapis.com/v1/projects/frontendkevin:testIamPermissions [none]
[debug] [2024-09-14T05:21:34.644Z] >>> [apiv2][(partial)header] POST https://cloudresourcemanager.googleapis.com/v1/projects/frontendkevin:testIamPermissions x-goog-quota-user=projects/frontendkevin
[debug] [2024-09-14T05:21:34.644Z] >>> [apiv2][body] POST https://cloudresourcemanager.googleapis.com/v1/projects/frontendkevin:testIamPermissions {"permissions":["firebase.projects.get"]}
[debug] [2024-09-14T05:21:34.875Z] <<< [apiv2][status] POST https://cloudresourcemanager.googleapis.com/v1/projects/frontendkevin:testIamPermissions 200
[debug] [2024-09-14T05:21:34.875Z] <<< [apiv2][body] POST https://cloudresourcemanager.googleapis.com/v1/projects/frontendkevin:testIamPermissions {"permissions":["firebase.projects.get"]}
[debug] [2024-09-14T05:21:34.876Z] >>> [apiv2][query] GET https://serviceusage.googleapis.com/v1/projects/frontendkevin/services/cloudfunctions.googleapis.com [none]
[debug] [2024-09-14T05:21:34.876Z] >>> [apiv2][(partial)header] GET https://serviceusage.googleapis.com/v1/projects/frontendkevin/services/cloudfunctions.googleapis.com x-goog-quota-user=projects/frontendkevin
[debug] [2024-09-14T05:21:34.878Z] >>> [apiv2][query] GET https://serviceusage.googleapis.com/v1/projects/frontendkevin/services/runtimeconfig.googleapis.com [none]
[debug] [2024-09-14T05:21:34.878Z] >>> [apiv2][(partial)header] GET https://serviceusage.googleapis.com/v1/projects/frontendkevin/services/runtimeconfig.googleapis.com x-goog-quota-user=projects/frontendkevin
[debug] [2024-09-14T05:21:35.167Z] <<< [apiv2][status] GET https://serviceusage.googleapis.com/v1/projects/frontendkevin/services/runtimeconfig.googleapis.com 200
[debug] [2024-09-14T05:21:35.167Z] <<< [apiv2][body] GET https://serviceusage.googleapis.com/v1/projects/frontendkevin/services/runtimeconfig.googleapis.com [omitted]
[debug] [2024-09-14T05:21:35.176Z] <<< [apiv2][status] GET https://serviceusage.googleapis.com/v1/projects/frontendkevin/services/cloudfunctions.googleapis.com 200
[debug] [2024-09-14T05:21:35.176Z] <<< [apiv2][body] GET https://serviceusage.googleapis.com/v1/projects/frontendkevin/services/cloudfunctions.googleapis.com [omitted]
[debug] [2024-09-14T05:21:35.177Z] >>> [apiv2][query] POST https://serviceusage.googleapis.com/v1/projects/frontendkevin/services/cloudfunctions.googleapis.com:enable [none]
[debug] [2024-09-14T05:21:35.177Z] >>> [apiv2][(partial)header] POST https://serviceusage.googleapis.com/v1/projects/frontendkevin/services/cloudfunctions.googleapis.com:enable x-goog-quota-user=projects/frontendkevin
[debug] [2024-09-14T05:21:35.673Z] <<< [apiv2][status] POST https://serviceusage.googleapis.com/v1/projects/frontendkevin/services/cloudfunctions.googleapis.com:enable 200
[debug] [2024-09-14T05:21:35.673Z] <<< [apiv2][body] POST https://serviceusage.googleapis.com/v1/projects/frontendkevin/services/cloudfunctions.googleapis.com:enable [omitted]
[debug] [2024-09-14T05:21:45.677Z] >>> [apiv2][query] GET https://serviceusage.googleapis.com/v1/projects/frontendkevin/services/cloudfunctions.googleapis.com [none]
[debug] [2024-09-14T05:21:45.677Z] >>> [apiv2][(partial)header] GET https://serviceusage.googleapis.com/v1/projects/frontendkevin/services/cloudfunctions.googleapis.com x-goog-quota-user=projects/frontendkevin
[debug] [2024-09-14T05:21:45.963Z] <<< [apiv2][status] GET https://serviceusage.googleapis.com/v1/projects/frontendkevin/services/cloudfunctions.googleapis.com 200
[debug] [2024-09-14T05:21:45.963Z] <<< [apiv2][body] GET https://serviceusage.googleapis.com/v1/projects/frontendkevin/services/cloudfunctions.googleapis.com [omitted]
[info] Let's create a new codebase for your functions.
[info] A directory corresponding to the codebase will be created in your project
[info] with sample code pre-configured.

[info] See https://firebase.google.com/docs/functions/organize-functions for
[info] more information on organizing your functions using codebases.

[info] Functions can be deployed with firebase deploy.

[info] +  Wrote functions/requirements.txt 
[info] +  Wrote functions/.gitignore 
[info] +  Wrote functions/main.py 
[debug] [2024-09-14T05:23:27.732Z] Running command with virtualenv: command="C:\Users\darre\Documents\GitHub\frontendkevin\functions\venv\Scripts\activate.bat", args=["","&&","pip3","install","--upgrade","pip"]
[debug] [2024-09-14T05:23:38.799Z] Error: spawn "C:\Users\darre\Documents\GitHub\frontendkevin\functions\venv\Scripts\activate.bat" ENOENT
    at notFoundError (C:\Users\darre\AppData\Roaming\nvm\v18.17.0\node_modules\firebase-tools\node_modules\cross-spawn\lib\enoent.js:6:26)
    at verifyENOENT (C:\Users\darre\AppData\Roaming\nvm\v18.17.0\node_modules\firebase-tools\node_modules\cross-spawn\lib\enoent.js:40:16)
    at cp.emit (C:\Users\darre\AppData\Roaming\nvm\v18.17.0\node_modules\firebase-tools\node_modules\cross-spawn\lib\enoent.js:27:25)
    at ChildProcess._handle.onexit (node:internal/child_process:291:12)
[error] 
[error] Error: An unexpected error has occurred.
